<?xml version="1.0" encoding="UTF-8"?>
<testng-results skipped="0" failed="0" ignored="0" total="1" passed="1">
  <reporter-output>
  </reporter-output>
  <suite name="Default suite" duration-ms="80101" started-at="2019-04-04T14:06:55Z" finished-at="2019-04-04T14:08:15Z">
    <groups>
    </groups>
    <test name="Default test" duration-ms="80101" started-at="2019-04-04T14:06:55Z" finished-at="2019-04-04T14:08:15Z">
      <class name="com.db.test.NewTest">
        <test-method status="PASS" signature="beforeTest()[pri:0, instance:com.db.test.NewTest@2145b572]" name="beforeTest" is-config="true" duration-ms="13731" started-at="2019-04-04T14:06:55Z" finished-at="2019-04-04T14:07:09Z">
          <reporter-output>
          </reporter-output>
        </test-method> <!-- beforeTest -->
        <test-method status="PASS" signature="f(java.lang.String, java.lang.String)[pri:0, instance:com.db.test.NewTest@2145b572]" name="f" duration-ms="65916" started-at="2019-04-04T14:07:09Z" data-provider="dp" finished-at="2019-04-04T14:08:15Z">
          <params>
            <param index="0">
              <value>
                <![CDATA[vishal.jadhav@numerator.com]]>
              </value>
            </param>
            <param index="1">
              <value>
                <![CDATA[Test1234]]>
              </value>
            </param>
          </params>
          <reporter-output>
          </reporter-output>
        </test-method> <!-- f -->
        <test-method status="PASS" signature="afterTest()[pri:0, instance:com.db.test.NewTest@2145b572]" name="afterTest" is-config="true" duration-ms="181" started-at="2019-04-04T14:08:15Z" finished-at="2019-04-04T14:08:15Z">
          <reporter-output>
          </reporter-output>
        </test-method> <!-- afterTest -->
      </class> <!-- com.db.test.NewTest -->
    </test> <!-- Default test -->
  </suite> <!-- Default suite -->
</testng-results>
